
/home/runner/work/exp-plate-heat-exchanger-iitb/exp-plate-heat-exchanger-iitb/experiment/simulation/js/activity1.js
    8:14   warning  'Pannel' is not defined                                no-undef
   14:10   warning  'start_act1' is defined but never used                 no-unused-vars
   21:10   warning  'move_to_activity3' is defined but never used          no-unused-vars
   24:5    warning  'activity3' is not defined                             no-undef
   33:5    warning  'global_score' is assigned a value but never used      no-unused-vars
   34:5    warning  'a1_panel' is defined but never used                   no-unused-vars
   35:5    warning  'all_text_content' is assigned a value but never used  no-unused-vars
   36:5    warning  'canvas_box_scale' is already defined                  no-redeclare
   36:5    warning  'canvas_box_scale' is assigned a value but never used  no-unused-vars
   39:5    warning  'a1_scene' is defined but never used                   no-unused-vars
   46:5    warning  'display_score' is defined but never used              no-unused-vars
   47:5    warning  'timer1' is assigned a value but never used            no-unused-vars
   65:17   warning  'Scene' is not defined                                 no-undef
   70:27   warning  'bootstrap' is not defined                             no-undef
  108:18   warning  'Chemistry' is not defined                             no-undef
  108:42   warning  'tank' is not defined                                  no-undef
  108:52   warning  'Chemistry' is not defined                             no-undef
  111:9    warning  'sq' is already defined                                no-redeclare
  111:18   warning  'Chemistry' is not defined                             no-undef
  111:42   warning  'pump' is not defined                                  no-undef
  111:52   warning  'Chemistry' is not defined                             no-undef
  114:9    warning  'sq' is already defined                                no-redeclare
  114:18   warning  'Chemistry' is not defined                             no-undef
  114:42   warning  'test_section' is not defined                          no-undef
  114:60   warning  'Chemistry' is not defined                             no-undef
  117:9    warning  'sq' is already defined                                no-redeclare
  117:18   warning  'Chemistry' is not defined                             no-undef
  117:42   warning  'horizontal_pipe' is not defined                       no-undef
  117:63   warning  'Chemistry' is not defined                             no-undef
  120:9    warning  'sq' is already defined                                no-redeclare
  120:18   warning  'Chemistry' is not defined                             no-undef
  120:42   warning  'vertical_pipe' is not defined                         no-undef
  120:61   warning  'Chemistry' is not defined                             no-undef
  123:9    warning  'sq' is already defined                                no-redeclare
  123:18   warning  'Chemistry' is not defined                             no-undef
  123:42   warning  'heater' is not defined                                no-undef
  123:54   warning  'Chemistry' is not defined                             no-undef
  126:9    warning  'sq' is already defined                                no-redeclare
  126:18   warning  'Chemistry' is not defined                             no-undef
  126:42   warning  't_in' is not defined                                  no-undef
  126:52   warning  'Chemistry' is not defined                             no-undef
  130:9    warning  'sq' is already defined                                no-redeclare
  130:18   warning  'Chemistry' is not defined                             no-undef
  130:42   warning  'glass_section' is not defined                         no-undef
  130:61   warning  'Chemistry' is not defined                             no-undef
  161:25   warning  'Chemistry' is not defined                             no-undef
  161:50   warning  'Chemistry' is not defined                             no-undef
  172:10   warning  'tank_right' is not defined                            no-undef
  172:22   warning  'tank_wrong' is not defined                            no-undef
  173:10   warning  'pump_right' is not defined                            no-undef
  173:22   warning  'pump_wrong' is not defined                            no-undef
  174:10   warning  'test_section_right' is not defined                    no-undef
  174:30   warning  'test_section_wrong' is not defined                    no-undef
  175:10   warning  'horizontal_pipe_right' is not defined                 no-undef
  175:33   warning  'horizontal_pipe_wrong' is not defined                 no-undef
  176:10   warning  'vertical_pipe_right' is not defined                   no-undef
  176:31   warning  'vertical_pipe_wrong' is not defined                   no-undef
  177:10   warning  'heater_right' is not defined                          no-undef
  177:24   warning  'heater_wrong' is not defined                          no-undef
  178:10   warning  't_in_right' is not defined                            no-undef
  178:22   warning  't_in_wrong' is not defined                            no-undef
  179:10   warning  'glass_section_right' is not defined                   no-undef
  179:31   warning  'glass_section_wrong' is not defined                   no-undef
  182:13   warning  'Chemistry' is not defined                             no-undef
  182:44   warning  'Chemistry' is not defined                             no-undef
  183:13   warning  'Chemistry' is not defined                             no-undef
  183:44   warning  'Chemistry' is not defined                             no-undef
  184:13   warning  'Chemistry' is not defined                             no-undef
  184:60   warning  'Chemistry' is not defined                             no-undef
  185:13   warning  'Chemistry' is not defined                             no-undef
  185:55   warning  'Chemistry' is not defined                             no-undef
  186:13   warning  'Chemistry' is not defined                             no-undef
  186:53   warning  'Chemistry' is not defined                             no-undef
  187:13   warning  'Chemistry' is not defined                             no-undef
  187:46   warning  'Chemistry' is not defined                             no-undef
  188:13   warning  'Chemistry' is not defined                             no-undef
  188:61   warning  'Chemistry' is not defined                             no-undef
  189:13   warning  'Chemistry' is not defined                             no-undef
  189:53   warning  'Chemistry' is not defined                             no-undef
  202:12   warning  Unexpected constant condition                          no-constant-condition
  224:49   warning  'Chemistry' is not defined                             no-undef
  227:39   warning  'bootstrap' is not defined                             no-undef
  259:30   warning  'Chemistry' is not defined                             no-undef
  259:73   warning  'Chemistry' is not defined                             no-undef
  287:13   warning  'bsOffcanvas' is already defined                       no-redeclare
  287:31   warning  'bootstrap' is not defined                             no-undef
  289:30   warning  'Chemistry' is not defined                             no-undef
  289:118  warning  'Chemistry' is not defined                             no-undef
  332:24   warning  'activity3' is not defined                             no-undef

/home/runner/work/exp-plate-heat-exchanger-iitb/exp-plate-heat-exchanger-iitb/experiment/simulation/js/activity3.js
    9:5    warning  'fixed_hint' is assigned a value but never used    no-unused-vars
   10:5    warning  'movable_hint' is assigned a value but never used  no-unused-vars
   13:10   warning  'activity3' is defined but never used              no-unused-vars
   14:5    warning  'pp' is not defined                                no-undef
   15:5    warning  'pp' is not defined                                no-undef
   16:5    warning  'pp' is not defined                                no-undef
   17:5    warning  'pp' is not defined                                no-undef
   18:5    warning  'canvas' is not defined                            no-undef
   18:14   warning  'pp' is not defined                                no-undef
   20:5    warning  'canvas' is not defined                            no-undef
   21:5    warning  'context' is not defined                           no-undef
   21:15   warning  'canvas' is not defined                            no-undef
   25:5    warning  'rect' is not defined                              no-undef
   25:12   warning  'canvas' is not defined                            no-undef
   28:5    warning  'scene' is not defined                             no-undef
   28:17   warning  'Scene' is not defined                             no-undef
   29:18   warning  'Scene' is not defined                             no-undef
   30:29   warning  'Chemistry' is not defined                         no-undef
   30:53   warning  'seq4_img' is not defined                          no-undef
   30:67   warning  'Chemistry' is not defined                         no-undef
   30:106  warning  'canvas' is not defined                            no-undef
   31:5    warning  'scene' is not defined                             no-undef
   32:5    warning  'scene' is not defined                             no-undef
   36:5    warning  'pp' is not defined                                no-undef
   39:5    warning  'pp' is not defined                                no-undef
   40:27   warning  'bootstrap' is not defined                         no-undef
   50:5    warning  'pp' is not defined                                no-undef
   54:5    warning  'pp' is not defined                                no-undef
   55:5    warning  'pp' is not defined                                no-undef
   56:5    warning  'pp' is not defined                                no-undef
   57:5    warning  'pp' is not defined                                no-undef
   59:5    warning  'pp' is not defined                                no-undef
   61:5    warning  'pp' is not defined                                no-undef
   62:5    warning  'canvas' is not defined                            no-undef
   62:14   warning  'pp' is not defined                                no-undef
   63:5    warning  'context' is not defined                           no-undef
   63:15   warning  'canvas' is not defined                            no-undef
   65:5    warning  'canvas' is not defined                            no-undef
   66:5    warning  'context' is not defined                           no-undef
   66:15   warning  'canvas' is not defined                            no-undef
   67:5    warning  'rect' is not defined                              no-undef
   67:12   warning  'canvas' is not defined                            no-undef
   68:5    warning  'scene' is not defined                             no-undef
   68:17   warning  'Scene' is not defined                             no-undef
   71:5    warning  'canvas' is not defined                            no-undef
   72:5    warning  'canvas' is not defined                            no-undef
   73:5    warning  'canvas' is not defined                            no-undef
   74:5    warning  'canvas' is not defined                            no-undef
   83:5    warning  'create_labels' is not defined                     no-undef
   84:5    warning  'display_labels' is not defined                    no-undef
   85:27   warning  'bootstrap' is not defined                         no-undef
   95:5    warning  'scene' is not defined                             no-undef
   99:9    warning  'display_labels' is not defined                    no-undef
  103:5    warning  'context' is not defined                           no-undef
  104:5    warning  'context' is not defined                           no-undef
  104:27   warning  'lscale' is not defined                            no-undef
  105:5    warning  'context' is not defined                           no-undef
  105:27   warning  'lscale' is not defined                            no-undef
  105:35   warning  'canvas' is not defined                            no-undef
  106:5    warning  'context' is not defined                           no-undef
  107:5    warning  'context' is not defined                           no-undef
  108:5    warning  'context' is not defined                           no-undef
  109:21   warning  'Chemistry' is not defined                         no-undef
  109:55   warning  'Chemistry' is not defined                         no-undef
  109:82   warning  'canvas' is not defined                            no-undef
  111:21   warning  'Chemistry' is not defined                         no-undef
  111:55   warning  'Chemistry' is not defined                         no-undef
  111:83   warning  'canvas' is not defined                            no-undef
  113:18   warning  'Chemistry' is not defined                         no-undef
  113:57   warning  'Chemistry' is not defined                         no-undef
  113:84   warning  'canvas' is not defined                            no-undef
  115:18   warning  'Chemistry' is not defined                         no-undef
  115:58   warning  'Chemistry' is not defined                         no-undef
  115:86   warning  'canvas' is not defined                            no-undef
  123:5    warning  'canvas' is not defined                            no-undef
  124:5    warning  'canvas' is not defined                            no-undef
  124:21   warning  'canvas' is not defined                            no-undef
  125:5    warning  'lscale' is not defined                            no-undef
  125:14   warning  'canvas' is not defined                            no-undef
  126:59   warning  'canvas' is not defined                            no-undef
  130:5    warning  'context' is not defined                           no-undef
  130:26   warning  'canvas' is not defined                            no-undef
  131:5    warning  'context' is not defined                           no-undef
  135:41   warning  'rect' is not defined                              no-undef
  135:51   warning  'lscale' is not defined                            no-undef
  136:29   warning  'canvas' is not defined                            no-undef
  136:58   warning  'rect' is not defined                              no-undef
  136:69   warning  'lscale' is not defined                            no-undef
  143:37   warning  'rect' is not defined                              no-undef
  143:47   warning  'lscale' is not defined                            no-undef
  144:25   warning  'canvas' is not defined                            no-undef
  144:54   warning  'rect' is not defined                              no-undef
  144:65   warning  'lscale' is not defined                            no-undef
  149:18   warning  'e' is defined but never used                      no-unused-vars
  157:52   warning  'rect' is not defined                              no-undef
  157:62   warning  'lscale' is not defined                            no-undef
  158:29   warning  'canvas' is not defined                            no-undef
  158:69   warning  'rect' is not defined                              no-undef
  158:80   warning  'lscale' is not defined                            no-undef
  165:25   warning  'scene' is not defined                             no-undef
  166:25   warning  'scene' is not defined                             no-undef
  170:18   warning  'Chemistry' is not defined                         no-undef
  170:42   warning  'tank' is not defined                              no-undef
  170:52   warning  'Chemistry' is not defined                         no-undef
  170:89   warning  'canvas' is not defined                            no-undef
  173:5    warning  'scene' is not defined                             no-undef
  174:9    warning  'sq' is already defined                            no-redeclare
  174:18   warning  'Chemistry' is not defined                         no-undef
  174:42   warning  'pump' is not defined                              no-undef
  174:52   warning  'Chemistry' is not defined                         no-undef
  174:90   warning  'canvas' is not defined                            no-undef
  176:5    warning  'scene' is not defined                             no-undef
  177:9    warning  'sq' is already defined                            no-redeclare
  177:18   warning  'Chemistry' is not defined                         no-undef
  177:42   warning  'test_section' is not defined                      no-undef
  177:60   warning  'Chemistry' is not defined                         no-undef
  177:98   warning  'canvas' is not defined                            no-undef
  179:5    warning  'scene' is not defined                             no-undef
  180:9    warning  'sq' is already defined                            no-redeclare
  180:18   warning  'Chemistry' is not defined                         no-undef
  180:42   warning  'horizontal_pipe' is not defined                   no-undef
  180:63   warning  'Chemistry' is not defined                         no-undef
  180:100  warning  'canvas' is not defined                            no-undef
  182:5    warning  'scene' is not defined                             no-undef
  183:9    warning  'sq' is already defined                            no-redeclare
  183:18   warning  'Chemistry' is not defined                         no-undef
  183:42   warning  'vertical_pipe' is not defined                     no-undef
  183:61   warning  'Chemistry' is not defined                         no-undef
  183:98   warning  'canvas' is not defined                            no-undef
  185:5    warning  'scene' is not defined                             no-undef
  186:9    warning  'sq' is already defined                            no-redeclare
  186:18   warning  'Chemistry' is not defined                         no-undef
  186:42   warning  'glass_section' is not defined                     no-undef
  186:61   warning  'Chemistry' is not defined                         no-undef
  186:98   warning  'canvas' is not defined                            no-undef
  188:5    warning  'scene' is not defined                             no-undef
  189:9    warning  'sq' is already defined                            no-redeclare
  189:18   warning  'Chemistry' is not defined                         no-undef
  189:42   warning  'heater' is not defined                            no-undef
  189:54   warning  'Chemistry' is not defined                         no-undef
  189:91   warning  'canvas' is not defined                            no-undef
  191:5    warning  'scene' is not defined                             no-undef
  192:9    warning  'sq' is already defined                            no-redeclare
  192:18   warning  'Chemistry' is not defined                         no-undef
  192:42   warning  'temp_con1' is not defined                         no-undef
  192:57   warning  'Chemistry' is not defined                         no-undef
  192:95   warning  'canvas' is not defined                            no-undef
  194:5    warning  'scene' is not defined                             no-undef
  195:9    warning  'sq' is already defined                            no-redeclare
  195:18   warning  'Chemistry' is not defined                         no-undef
  195:42   warning  'temp_indicator' is not defined                    no-undef
  195:62   warning  'Chemistry' is not defined                         no-undef
  195:99   warning  'canvas' is not defined                            no-undef
  197:5    warning  'scene' is not defined                             no-undef
  198:9    warning  'sq' is already defined                            no-redeclare
  198:18   warning  'Chemistry' is not defined                         no-undef
  198:42   warning  'temp_indicator' is not defined                    no-undef
  198:62   warning  'Chemistry' is not defined                         no-undef
  198:99   warning  'canvas' is not defined                            no-undef
  200:5    warning  'scene' is not defined                             no-undef
  203:25   warning  'scene' is not defined                             no-undef
  204:13   warning  'scene' is not defined                             no-undef
  204:49   warning  'Chemistry' is not defined                         no-undef
  204:75   warning  'scene' is not defined                             no-undef
  205:13   warning  'scene' is not defined                             no-undef
  205:47   warning  'Chemistry' is not defined                         no-undef
  206:22   warning  'scene' is not defined                             no-undef
  207:13   warning  'scene' is not defined                             no-undef
  209:13   warning  'display_labels' is not defined                    no-undef
  217:50   warning  'Chemistry' is not defined                         no-undef
  224:17   warning  'global_score' is not defined                      no-undef
  238:35   warning  'bootstrap' is not defined                         no-undef
  245:18   warning  'Chemistry' is not defined                         no-undef
  246:19   warning  'Chemistry' is not defined                         no-undef
  249:24   warning  'Chemistry' is not defined                         no-undef
  249:58   warning  'canvas' is not defined                            no-undef
  253:18   warning  'Chemistry' is not defined                         no-undef
  254:19   warning  'Chemistry' is not defined                         no-undef
  257:25   warning  'Chemistry' is not defined                         no-undef
  257:59   warning  'canvas' is not defined                            no-undef
  260:18   warning  'Chemistry' is not defined                         no-undef
  261:19   warning  'Chemistry' is not defined                         no-undef
  264:25   warning  'Chemistry' is not defined                         no-undef
  264:59   warning  'canvas' is not defined                            no-undef
  267:18   warning  'Chemistry' is not defined                         no-undef
  268:19   warning  'Chemistry' is not defined                         no-undef
  271:25   warning  'Chemistry' is not defined                         no-undef
  271:59   warning  'canvas' is not defined                            no-undef
  274:18   warning  'Chemistry' is not defined                         no-undef
  275:19   warning  'Chemistry' is not defined                         no-undef
  278:25   warning  'Chemistry' is not defined                         no-undef
  278:59   warning  'canvas' is not defined                            no-undef
  281:18   warning  'Chemistry' is not defined                         no-undef
  282:19   warning  'Chemistry' is not defined                         no-undef
  285:25   warning  'Chemistry' is not defined                         no-undef
  285:59   warning  'canvas' is not defined                            no-undef
  288:18   warning  'Chemistry' is not defined                         no-undef
  289:19   warning  'Chemistry' is not defined                         no-undef
  292:25   warning  'Chemistry' is not defined                         no-undef
  292:59   warning  'canvas' is not defined                            no-undef
  295:18   warning  'Chemistry' is not defined                         no-undef
  296:19   warning  'Chemistry' is not defined                         no-undef
  299:25   warning  'Chemistry' is not defined                         no-undef
  299:59   warning  'canvas' is not defined                            no-undef
  302:18   warning  'Chemistry' is not defined                         no-undef
  303:19   warning  'Chemistry' is not defined                         no-undef
  306:25   warning  'Chemistry' is not defined                         no-undef
  306:59   warning  'canvas' is not defined                            no-undef
  315:9    warning  'pp' is not defined                                no-undef
  324:9    warning  'pp' is not defined                                no-undef
  329:25   warning  'scene' is not defined                             no-undef
  330:13   warning  'scene' is not defined                             no-undef
  331:13   warning  'scene' is not defined                             no-undef
  331:42   warning  'tank2_img' is not defined                         no-undef
  332:13   warning  'scene' is not defined                             no-undef
  333:13   warning  'scene' is not defined                             no-undef
  334:13   warning  'scene' is not defined                             no-undef
  338:25   warning  'scene' is not defined                             no-undef
  339:13   warning  'scene' is not defined                             no-undef
  340:13   warning  'scene' is not defined                             no-undef
  346:5    warning  'canvas' is not defined                            no-undef
  347:5    warning  'canvas' is not defined                            no-undef
  348:5    warning  'canvas' is not defined                            no-undef
  349:5    warning  'canvas' is not defined                            no-undef
  369:7    warning  'add_a3_panel' is assigned a value but never used  no-unused-vars
  388:227  warning  'global_score' is not defined                      no-undef

/home/runner/work/exp-plate-heat-exchanger-iitb/exp-plate-heat-exchanger-iitb/experiment/simulation/js/activity6.js
    5:5    warning  'show_table_0' is assigned a value but never used                no-unused-vars
   17:21   warning  'text' is defined but never used                                 no-unused-vars
   23:10   warning  'activity6' is defined but never used                            no-unused-vars
   27:5    warning  'pp' is not defined                                              no-undef
   28:5    warning  'pp' is not defined                                              no-undef
   29:5    warning  'pp' is not defined                                              no-undef
   30:5    warning  'pp' is not defined                                              no-undef
   31:5    warning  'pp' is not defined                                              no-undef
   32:5    warning  'canvas' is not defined                                          no-undef
   32:14   warning  'pp' is not defined                                              no-undef
   33:5    warning  'green_circle' is not defined                                    no-undef
   38:30   warning  'Chemistry' is not defined                                       no-undef
   38:66   warning  'Chemistry' is not defined                                       no-undef
   38:93   warning  'canvas' is not defined                                          no-undef
   39:18   warning  'Chemistry' is not defined                                       no-undef
   39:42   warning  'red_valve' is not defined                                       no-undef
   39:57   warning  'Chemistry' is not defined                                       no-undef
   39:92   warning  'canvas' is not defined                                          no-undef
   40:18   warning  'Chemistry' is not defined                                       no-undef
   40:42   warning  'red_valve' is not defined                                       no-undef
   40:57   warning  'Chemistry' is not defined                                       no-undef
   40:92   warning  'canvas' is not defined                                          no-undef
   41:20   warning  'Chemistry' is not defined                                       no-undef
   41:47   warning  'phe_table' is not defined                                       no-undef
   41:72   warning  'Chemistry' is not defined                                       no-undef
   41:98   warning  'canvas' is not defined                                          no-undef
   43:20   warning  'Chemistry' is not defined                                       no-undef
   43:47   warning  'phe_table' is not defined                                       no-undef
   43:72   warning  'Chemistry' is not defined                                       no-undef
   43:98   warning  'canvas' is not defined                                          no-undef
   47:20   warning  'Chemistry' is not defined                                       no-undef
   47:46   warning  'canvas' is not defined                                          no-undef
   49:5    warning  'canvas' is not defined                                          no-undef
   50:5    warning  'context' is not defined                                         no-undef
   50:15   warning  'canvas' is not defined                                          no-undef
   51:5    warning  'rect' is not defined                                            no-undef
   51:12   warning  'canvas' is not defined                                          no-undef
   53:5    warning  'canvas' is not defined                                          no-undef
   54:5    warning  'scene' is not defined                                           no-undef
   54:17   warning  'Scene' is not defined                                           no-undef
   56:25   warning  'Chemistry' is not defined                                       no-undef
   56:49   warning  'seq0_img' is not defined                                        no-undef
   56:63   warning  'Chemistry' is not defined                                       no-undef
   56:100  warning  'canvas' is not defined                                          no-undef
   76:5    warning  'scene' is not defined                                           no-undef
   90:5    warning  'canvas' is not defined                                          no-undef
   91:5    warning  'canvas' is not defined                                          no-undef
   91:21   warning  'canvas' is not defined                                          no-undef
   92:5    warning  'lscale' is not defined                                          no-undef
   92:14   warning  'canvas' is not defined                                          no-undef
   93:59   warning  'canvas' is not defined                                          no-undef
   97:5    warning  'context' is not defined                                         no-undef
   97:26   warning  'canvas' is not defined                                          no-undef
   98:5    warning  'context' is not defined                                         no-undef
  101:5    warning  'scene' is not defined                                           no-undef
  109:9    warning  'pp' is not defined                                              no-undef
  110:31   warning  'bootstrap' is not defined                                       no-undef
  124:13   warning  Expected a conditional expression and instead saw an assignment  no-cond-assign
  124:13   warning  Unexpected constant condition                                    no-constant-condition
  126:36   warning  'seq1_img' is not defined                                        no-undef
  129:13   warning  'canvas' is not defined                                          no-undef
  137:13   warning  'pp' is not defined                                              no-undef
  138:17   warning  'bsOffcanvas' is already defined                                 no-redeclare
  138:35   warning  'bootstrap' is not defined                                       no-undef
  146:13   warning  Expected a conditional expression and instead saw an assignment  no-cond-assign
  146:13   warning  Unexpected constant condition                                    no-constant-condition
  148:36   warning  'seq11_img' is not defined                                       no-undef
  156:34   warning  'Chemistry' is not defined                                       no-undef
  156:61   warning  'seq2_img' is not defined                                        no-undef
  156:75   warning  'Chemistry' is not defined                                       no-undef
  156:112  warning  'canvas' is not defined                                          no-undef
  171:13   warning  Expected a conditional expression and instead saw an assignment  no-cond-assign
  171:13   warning  Unexpected constant condition                                    no-constant-condition
  173:36   warning  'seq2_img' is not defined                                        no-undef
  181:35   warning  'Chemistry' is not defined                                       no-undef
  181:67   warning  'seq3_img' is not defined                                        no-undef
  181:81   warning  'Chemistry' is not defined                                       no-undef
  181:118  warning  'canvas' is not defined                                          no-undef
  196:13   warning  Expected a conditional expression and instead saw an assignment  no-cond-assign
  196:13   warning  Unexpected constant condition                                    no-constant-condition
  198:36   warning  'seq3_img' is not defined                                        no-undef
  202:13   warning  'canvas' is not defined                                          no-undef
  211:13   warning  'pp' is not defined                                              no-undef
  212:17   warning  'bsOffcanvas' is already defined                                 no-redeclare
  212:35   warning  'bootstrap' is not defined                                       no-undef
  232:9    warning  'pp' is not defined                                              no-undef
  237:13   warning  'bsOffcanvas' is already defined                                 no-redeclare
  237:31   warning  'bootstrap' is not defined                                       no-undef
  242:9    warning  'pp' is not defined                                              no-undef
  263:37   warning  'rect' is not defined                                            no-undef
  263:47   warning  'lscale' is not defined                                          no-undef
  264:25   warning  'canvas' is not defined                                          no-undef
  264:54   warning  'rect' is not defined                                            no-undef
  264:65   warning  'lscale' is not defined                                          no-undef
  270:37   warning  'rect' is not defined                                            no-undef
  270:47   warning  'lscale' is not defined                                          no-undef
  271:25   warning  'canvas' is not defined                                          no-undef
  271:54   warning  'rect' is not defined                                            no-undef
  271:65   warning  'lscale' is not defined                                          no-undef
  280:13   warning  'pp' is not defined                                              no-undef
  281:35   warning  'bootstrap' is not defined                                       no-undef
  286:33   warning  'blue_valve' is not defined                                      no-undef
  303:5    warning  'canvas' is not defined                                          no-undef
  305:5    warning  'canvas' is not defined                                          no-undef
  310:5    warning  'pp' is not defined                                              no-undef
  311:37   warning  'rect' is not defined                                            no-undef
  311:47   warning  'lscale' is not defined                                          no-undef
  312:25   warning  'canvas' is not defined                                          no-undef
  312:54   warning  'rect' is not defined                                            no-undef
  312:65   warning  'lscale' is not defined                                          no-undef
  318:13   warning  'canvas' is not defined                                          no-undef
  321:34   warning  'Chemistry' is not defined                                       no-undef
  321:55   warning  'seq2_img' is not defined                                        no-undef
  321:69   warning  'Chemistry' is not defined                                       no-undef
  321:106  warning  'canvas' is not defined                                          no-undef
  327:17   warning  'slider' is assigned a value but never used                      no-unused-vars
  335:37   warning  'rect' is not defined                                            no-undef
  335:47   warning  'lscale' is not defined                                          no-undef
  336:25   warning  'canvas' is not defined                                          no-undef
  336:54   warning  'rect' is not defined                                            no-undef
  336:65   warning  'lscale' is not defined                                          no-undef
  341:13   warning  'canvas' is not defined                                          no-undef
  342:13   warning  'canvas' is not defined                                          no-undef
  343:13   warning  'canvas' is not defined                                          no-undef
  344:13   warning  'canvas' is not defined                                          no-undef
  350:34   warning  'Chemistry' is not defined                                       no-undef
  350:55   warning  'seq5_img' is not defined                                        no-undef
  350:69   warning  'Chemistry' is not defined                                       no-undef
  350:107  warning  'canvas' is not defined                                          no-undef
  364:13   warning  'pp' is not defined                                              no-undef
  365:35   warning  'bootstrap' is not defined                                       no-undef
  372:37   warning  'rect' is not defined                                            no-undef
  372:47   warning  'lscale' is not defined                                          no-undef
  373:25   warning  'canvas' is not defined                                          no-undef
  373:54   warning  'rect' is not defined                                            no-undef
  373:65   warning  'lscale' is not defined                                          no-undef
  394:34   warning  'Chemistry' is not defined                                       no-undef
  394:84   warning  'Chemistry' is not defined                                       no-undef
  394:111  warning  'canvas' is not defined                                          no-undef
  395:13   warning  'selected_temp' is not defined                                   no-undef
  403:13   warning  'pp' is not defined                                              no-undef
  404:35   warning  'bootstrap' is not defined                                       no-undef
  411:37   warning  'rect' is not defined                                            no-undef
  411:47   warning  'lscale' is not defined                                          no-undef
  412:25   warning  'canvas' is not defined                                          no-undef
  412:54   warning  'rect' is not defined                                            no-undef
  412:65   warning  'lscale' is not defined                                          no-undef
  432:34   warning  'Chemistry' is not defined                                       no-undef
  432:84   warning  'Chemistry' is not defined                                       no-undef
  432:111  warning  'canvas' is not defined                                          no-undef
  433:13   warning  'selected_temp' is not defined                                   no-undef
  435:33   warning  'readings' is not defined                                        no-undef
  436:62   warning  'readings' is not defined                                        no-undef
  437:21   warning  'selected_data_index' is not defined                             no-undef
  447:9    warning  'pp' is not defined                                              no-undef
  448:31   warning  'bootstrap' is not defined                                       no-undef
  455:37   warning  'rect' is not defined                                            no-undef
  455:47   warning  'lscale' is not defined                                          no-undef
  456:25   warning  'canvas' is not defined                                          no-undef
  456:54   warning  'rect' is not defined                                            no-undef
  456:65   warning  'lscale' is not defined                                          no-undef
  472:17   warning  'canvas' is not defined                                          no-undef
  473:17   warning  'canvas' is not defined                                          no-undef
  474:17   warning  'canvas' is not defined                                          no-undef
  475:40   warning  'seq6_img' is not defined                                        no-undef
  478:38   warning  'Chemistry' is not defined                                       no-undef
  478:81   warning  'Chemistry' is not defined                                       no-undef
  478:108  warning  'canvas' is not defined                                          no-undef
  485:36   warning  'Chemistry' is not defined                                       no-undef
  485:79   warning  'Chemistry' is not defined                                       no-undef
  485:106  warning  'canvas' is not defined                                          no-undef
  490:36   warning  'Chemistry' is not defined                                       no-undef
  490:79   warning  'Chemistry' is not defined                                       no-undef
  490:106  warning  'canvas' is not defined                                          no-undef
  505:17   warning  Move function declaration to function body root                  no-inner-declarations
  518:25   warning  'pp' is not defined                                              no-undef
  519:47   warning  'bootstrap' is not defined                                       no-undef
  522:48   warning  'seq7_img' is not defined                                        no-undef
  529:25   warning  'canvas' is not defined                                          no-undef
  533:17   warning  Move function declaration to function body root                  no-inner-declarations
  542:48   warning  'seq8_img' is not defined                                        no-undef
  545:25   warning  'pp' is not defined                                              no-undef
  546:47   warning  'bootstrap' is not defined                                       no-undef
  554:25   warning  'canvas' is not defined                                          no-undef
  563:37   warning  'rect' is not defined                                            no-undef
  563:47   warning  'lscale' is not defined                                          no-undef
  564:25   warning  'canvas' is not defined                                          no-undef
  564:54   warning  'rect' is not defined                                            no-undef
  564:65   warning  'lscale' is not defined                                          no-undef
  572:13   warning  'canvas' is not defined                                          no-undef
  577:37   warning  'rect' is not defined                                            no-undef
  577:47   warning  'lscale' is not defined                                          no-undef
  578:25   warning  'canvas' is not defined                                          no-undef
  578:54   warning  'rect' is not defined                                            no-undef
  578:65   warning  'lscale' is not defined                                          no-undef
  587:13   warning  'canvas' is not defined                                          no-undef
  588:36   warning  'seq5_img' is not defined                                        no-undef
  590:13   warning  'canvas' is not defined                                          no-undef
  592:13   warning  'pp' is not defined                                              no-undef
  593:35   warning  'bootstrap' is not defined                                       no-undef
  605:37   warning  'rect' is not defined                                            no-undef
  605:47   warning  'lscale' is not defined                                          no-undef
  606:25   warning  'canvas' is not defined                                          no-undef
  606:54   warning  'rect' is not defined                                            no-undef
  606:65   warning  'lscale' is not defined                                          no-undef
  611:13   warning  'canvas' is not defined                                          no-undef
  614:36   warning  'seq9_img' is not defined                                        no-undef
  615:29   warning  'Chemistry' is not defined                                       no-undef
  615:50   warning  'seq10_img' is not defined                                       no-undef
  615:65   warning  'Chemistry' is not defined                                       no-undef
  615:102  warning  'canvas' is not defined                                          no-undef
  624:33   warning  'red_valve' is not defined                                       no-undef
  629:13   warning  'pp' is not defined                                              no-undef
  630:35   warning  'bootstrap' is not defined                                       no-undef
  646:10   warning  'get_ti_text' is defined but never used                          no-unused-vars
  647:19   warning  'readings' is not defined                                        no-undef
  650:10   warning  'get_to_text' is defined but never used                          no-unused-vars
  652:14   warning  'readings' is not defined                                        no-undef
  666:26   warning  'Chemistry' is not defined                                       no-undef
  666:47   warning  'seq0_img' is not defined                                        no-undef
  666:61   warning  'Chemistry' is not defined                                       no-undef
  666:98   warning  'canvas' is not defined                                          no-undef
  675:5    warning  'canvas' is not defined                                          no-undef
  687:28   warning  'rect' is not defined                                            no-undef
  687:43   warning  'lscale' is not defined                                          no-undef
  688:27   warning  'rect' is not defined                                            no-undef
  688:36   warning  'canvas' is not defined                                          no-undef
  688:58   warning  'lscale' is not defined                                          no-undef
  695:10   warning  'table_0_draw' is defined but never used                         no-unused-vars
  701:17   warning  'phe_table' is not defined                                       no-undef
  705:19   warning  'Observation_Table' is not defined                               no-undef
  707:5    warning  'pp' is not defined                                              no-undef
  711:10   warning  'verify_readings' is defined but never used                      no-unused-vars
  722:10   warning  'verify_values' is not defined                                   no-undef
  722:24   warning  'phe_table' is not defined                                       no-undef
  727:10   warning  'verify_values' is not defined                                   no-undef
  727:24   warning  'phe_table' is not defined                                       no-undef
  737:21   warning  'index' is defined but never used                                no-unused-vars
  741:25   warning  'phe_table' is not defined                                       no-undef
  742:20   warning  'phe_table' is not defined                                       no-undef
  742:50   warning  'phe_table' is not defined                                       no-undef
  742:81   warning  'phe_table' is not defined                                       no-undef
  744:5    warning  'pp' is not defined                                              no-undef
  745:19   warning  'Observation_Table' is not defined                               no-undef
  747:5    warning  'pp' is not defined                                              no-undef
  749:5    warning  'pp' is not defined                                              no-undef
  752:25   warning  'readings' is not defined                                        no-undef
  753:24   warning  'readings' is not defined                                        no-undef
  755:27   warning  'readings' is not defined                                        no-undef
  755:66   warning  'readings' is not defined                                        no-undef
  756:27   warning  'readings' is not defined                                        no-undef
  756:66   warning  'readings' is not defined                                        no-undef
  757:18   warning  'readings' is not defined                                        no-undef
  758:18   warning  'readings' is not defined                                        no-undef

/home/runner/work/exp-plate-heat-exchanger-iitb/exp-plate-heat-exchanger-iitb/experiment/simulation/js/activity7.js
    6:10  warning  'activity7' is defined but never used        no-unused-vars
    7:5   warning  'pp' is not defined                          no-undef
    8:5   warning  'pp' is not defined                          no-undef
    9:5   warning  'pp' is not defined                          no-undef
   10:5   warning  'pp' is not defined                          no-undef
   11:5   warning  'pp' is not defined                          no-undef
   12:5   warning  'pp' is not defined                          no-undef
   13:5   warning  'pp' is not defined                          no-undef
   31:5   warning  'pp' is not defined                          no-undef
   32:5   warning  'pp' is not defined                          no-undef
   34:23  warning  'phe_table' is not defined                   no-undef
   34:59  warning  'phe_table' is not defined                   no-undef
   35:34  warning  'rho' is not defined                         no-undef
   35:69  warning  'rho_kg' is not defined                      no-undef
   36:31  warning  'cp' is not defined                          no-undef
   36:66  warning  'cp_kcal' is not defined                     no-undef
   37:29  warning  'k' is not defined                           no-undef
   37:63  warning  'k_kcal' is not defined                      no-undef
   38:29  warning  'mue' is not defined                         no-undef
   38:63  warning  'mue_kg' is not defined                      no-undef
   39:21  warning  'b' is not defined                           no-undef
   40:22  warning  'w' is not defined                           no-undef
   41:28  warning  'chan_hot' is not defined                    no-undef
   42:29  warning  'chan_cold' is not defined                   no-undef
   43:26  warning  'len_tube' is not defined                    no-undef
   44:30  warning  'no_of_chan' is not defined                  no-undef
   45:28  warning  't_avg' is not defined                       no-undef
   46:21  warning  'V' is not defined                           no-undef
   47:25  warning  'De' is not defined                          no-undef
   47:56  warning  'De' is not defined                          no-undef
   48:27  warning  'c_val' is not defined                       no-undef
   49:27  warning  'b_val' is not defined                       no-undef
   55:27  warning  'bootstrap' is not defined                   no-undef
   57:5   warning  'MathJax' is not defined                     no-undef
   66:19  warning  'phe_table' is not defined                   no-undef
   67:19  warning  'phe_table' is not defined                   no-undef
   68:19  warning  'phe_table' is not defined                   no-undef
   80:19  warning  'phe_table' is not defined                   no-undef
   91:22  warning  'Double_Table' is not defined                no-undef
   92:5   warning  'pp' is not defined                          no-undef
   96:5   warning  'pp' is not defined                          no-undef
   97:5   warning  'pp' is not defined                          no-undef
   98:5   warning  'pp' is not defined                          no-undef
   99:5   warning  'pp' is not defined                          no-undef
  102:25  warning  'phe_table' is not defined                   no-undef
  107:23  warning  'phe_table' is not defined                   no-undef
  108:23  warning  'phe_table' is not defined                   no-undef
  109:23  warning  'phe_table' is not defined                   no-undef
  110:23  warning  'phe_table' is not defined                   no-undef
  111:23  warning  'phe_table' is not defined                   no-undef
  112:23  warning  'phe_table' is not defined                   no-undef
  113:23  warning  'phe_table' is not defined                   no-undef
  114:23  warning  'phe_table' is not defined                   no-undef
  115:23  warning  'phe_table' is not defined                   no-undef
  116:23  warning  'phe_table' is not defined                   no-undef
  117:23  warning  'phe_table' is not defined                   no-undef
  120:23  warning  'phe_table' is not defined                   no-undef
  121:23  warning  'phe_table' is not defined                   no-undef
  122:23  warning  'phe_table' is not defined                   no-undef
  123:23  warning  'phe_table' is not defined                   no-undef
  124:23  warning  'phe_table' is not defined                   no-undef
  125:23  warning  'phe_table' is not defined                   no-undef
  126:23  warning  'phe_table' is not defined                   no-undef
  127:23  warning  'phe_table' is not defined                   no-undef
  128:23  warning  'phe_table' is not defined                   no-undef
  129:23  warning  'phe_table' is not defined                   no-undef
  131:22  warning  'Double_Table' is not defined                no-undef
  132:5   warning  'pp' is not defined                          no-undef
  134:5   warning  'pp' is not defined                          no-undef
  136:10  warning  'verify1' is defined but never used          no-unused-vars
  138:17  warning  'phe_table' is not defined                   no-undef
  139:17  warning  'phe_table' is not defined                   no-undef
  140:17  warning  'phe_table' is not defined                   no-undef
  141:17  warning  'phe_table' is not defined                   no-undef
  142:17  warning  'phe_table' is not defined                   no-undef
  143:17  warning  'phe_table' is not defined                   no-undef
  144:17  warning  'phe_table' is not defined                   no-undef
  145:17  warning  'phe_table' is not defined                   no-undef
  155:10  warning  'verify_values' is not defined               no-undef
  155:48  warning  'phe_table' is not defined                   no-undef
  159:10  warning  'verify_values' is not defined               no-undef
  159:48  warning  'phe_table' is not defined                   no-undef
  163:10  warning  'verify_values' is not defined               no-undef
  163:48  warning  'phe_table' is not defined                   no-undef
  167:10  warning  'verify_values' is not defined               no-undef
  167:48  warning  'phe_table' is not defined                   no-undef
  171:10  warning  'verify_values' is not defined               no-undef
  171:48  warning  'phe_table' is not defined                   no-undef
  175:10  warning  'verify_values' is not defined               no-undef
  175:48  warning  'phe_table' is not defined                   no-undef
  179:10  warning  'verify_values' is not defined               no-undef
  179:48  warning  'phe_table' is not defined                   no-undef
  183:10  warning  'verify_values' is not defined               no-undef
  183:48  warning  'phe_table' is not defined                   no-undef
  202:27  warning  'bootstrap' is not defined                   no-undef
  205:10  warning  'verify2' is defined but never used          no-unused-vars
  207:17  warning  'phe_table' is not defined                   no-undef
  208:17  warning  'phe_table' is not defined                   no-undef
  209:17  warning  'phe_table' is not defined                   no-undef
  210:17  warning  'phe_table' is not defined                   no-undef
  211:17  warning  'phe_table' is not defined                   no-undef
  212:17  warning  'phe_table' is not defined                   no-undef
  213:17  warning  'phe_table' is not defined                   no-undef
  214:17  warning  'phe_table' is not defined                   no-undef
  215:17  warning  'phe_table' is not defined                   no-undef
  227:10  warning  'verify_values' is not defined               no-undef
  227:48  warning  'phe_table' is not defined                   no-undef
  231:10  warning  'verify_values' is not defined               no-undef
  231:48  warning  'phe_table' is not defined                   no-undef
  235:10  warning  'verify_values' is not defined               no-undef
  235:48  warning  'phe_table' is not defined                   no-undef
  239:10  warning  'verify_values' is not defined               no-undef
  239:48  warning  'phe_table' is not defined                   no-undef
  243:10  warning  'verify_values' is not defined               no-undef
  243:48  warning  'phe_table' is not defined                   no-undef
  247:10  warning  'verify_values' is not defined               no-undef
  247:48  warning  'phe_table' is not defined                   no-undef
  251:10  warning  'verify_values' is not defined               no-undef
  251:48  warning  'phe_table' is not defined                   no-undef
  255:10  warning  'verify_values' is not defined               no-undef
  255:48  warning  'phe_table' is not defined                   no-undef
  259:10  warning  'verify_values' is not defined               no-undef
  259:48  warning  'phe_table' is not defined                   no-undef
  278:27  warning  'bootstrap' is not defined                   no-undef
  281:10  warning  'show_offcanvas4' is defined but never used  no-unused-vars
  282:27  warning  'bootstrap' is not defined                   no-undef

/home/runner/work/exp-plate-heat-exchanger-iitb/exp-plate-heat-exchanger-iitb/experiment/simulation/js/activity8.js
    6:10  warning  'activity8' is defined but never used  no-unused-vars
    7:5   warning  'pp' is not defined                    no-undef
    8:5   warning  'pp' is not defined                    no-undef
    9:5   warning  'pp' is not defined                    no-undef
   11:27  warning  'bootstrap' is not defined             no-undef
   13:5   warning  'pp' is not defined                    no-undef
   14:5   warning  'MathJax' is not defined               no-undef
   15:5   warning  'pp' is not defined                    no-undef
   19:5   warning  'pp' is not defined                    no-undef
   20:5   warning  'pp' is not defined                    no-undef
   24:25  warning  'data1' is not defined                 no-undef
   25:30  warning  'data1' is not defined                 no-undef
   26:31  warning  'data1' is not defined                 no-undef
   41:21  warning  'Chart' is not defined                 no-undef
  102:11  warning  'regression_linear' is not defined     no-undef

/home/runner/work/exp-plate-heat-exchanger-iitb/exp-plate-heat-exchanger-iitb/experiment/simulation/js/activity9.js
    1:10  warning  'activity9' is defined but never used  no-unused-vars
    2:5   warning  'pp' is not defined                    no-undef
    3:5   warning  'pp' is not defined                    no-undef
    4:5   warning  'pp' is not defined                    no-undef
    5:5   warning  'data_1' is not defined                no-undef
    6:5   warning  'data' is not defined                  no-undef
    7:5   warning  'label' is not defined                 no-undef
    8:5   warning  'pol' is not defined                   no-undef
   10:5   warning  'pp' is not defined                    no-undef
   11:5   warning  'MathJax' is not defined               no-undef
   15:5   warning  'pp' is not defined                    no-undef
   16:5   warning  'pp' is not defined                    no-undef
   17:5   warning  'pp' is not defined                    no-undef
   21:25  warning  'data1' is not defined                 no-undef
   22:9   warning  'data' is not defined                  no-undef
   22:30  warning  'data2' is not defined                 no-undef
   23:9   warning  'label' is not defined                 no-undef
   23:31  warning  'data2' is not defined                 no-undef
   38:21  warning  'Chart' is not defined                 no-undef
   41:21  warning  'label' is not defined                 no-undef
   45:27  warning  'data' is not defined                  no-undef
   57:27  warning  'data_1' is not defined                no-undef
   99:5   warning  'pol' is not defined                   no-undef
   99:11  warning  'regression_linear' is not defined     no-undef
   99:29  warning  'label' is not defined                 no-undef
   99:36  warning  'data' is not defined                  no-undef
  100:17  warning  'pol' is not defined                   no-undef
  101:25  warning  'label' is not defined                 no-undef
  102:9   warning  'data_1' is not defined                no-undef
  102:22  warning  'label' is not defined                 no-undef
  102:33  warning  'pol' is not defined                   no-undef
  102:43  warning  'pol' is not defined                   no-undef

/home/runner/work/exp-plate-heat-exchanger-iitb/exp-plate-heat-exchanger-iitb/experiment/simulation/js/common.js
    1:5   warning  'root' is assigned a value but never used                       no-unused-vars
    2:5   warning  'main' is assigned a value but never used                       no-unused-vars
    3:5   warning  'panel' is assigned a value but never used                      no-unused-vars
    4:5   warning  'number_of_attempts' is assigned a value but never used         no-unused-vars
    5:5   warning  'selected_data_index' is assigned a value but never used        no-unused-vars
    6:5   warning  'main_table' is assigned a value but never used                 no-unused-vars
   16:5   warning  'last_table' is assigned a value but never used                 no-unused-vars
   26:5   warning  'observation_data_index' is defined but never used              no-unused-vars
   27:5   warning  'selected_temp' is assigned a value but never used              no-unused-vars
   28:5   warning  'a7_second_calculation_set' is assigned a value but never used  no-unused-vars
   29:5   warning  'prh' is defined but never used                                 no-unused-vars
   31:5   warning  'heat_transfer_area' is assigned a value but never used         no-unused-vars
   32:5   warning  'area_of_inner_tube' is assigned a value but never used         no-unused-vars
   33:5   warning  'equivalent_diameter' is assigned a value but never used        no-unused-vars
   34:5   warning  'annulus_area' is assigned a value but never used               no-unused-vars
   44:10  warning  'verify_values' is defined but never used                       no-unused-vars
   60:10  warning  'std_deviation' is defined but never used                       no-unused-vars
   65:10  warning  'regression_linear' is defined but never used                   no-unused-vars
   82:10  warning  'create_labels' is defined but never used                       no-unused-vars
   83:5   warning  'all_labels' is not defined                                     no-undef
   84:20  warning  'Chemistry' is not defined                                      no-undef
   84:51  warning  'Chemistry' is not defined                                      no-undef
   84:79  warning  'canvas' is not defined                                         no-undef
   87:5   warning  'all_labels' is not defined                                     no-undef
   88:21  warning  'Chemistry' is not defined                                      no-undef
   88:63  warning  'Chemistry' is not defined                                      no-undef
   88:90  warning  'canvas' is not defined                                         no-undef
   91:5   warning  'all_labels' is not defined                                     no-undef
   92:21  warning  'Chemistry' is not defined                                      no-undef
   92:63  warning  'Chemistry' is not defined                                      no-undef
   92:91  warning  'canvas' is not defined                                         no-undef
   95:5   warning  'all_labels' is not defined                                     no-undef
   96:21  warning  'Chemistry' is not defined                                      no-undef
   96:61  warning  'Chemistry' is not defined                                      no-undef
   96:89  warning  'canvas' is not defined                                         no-undef
   99:5   warning  'all_labels' is not defined                                     no-undef
  100:21  warning  'Chemistry' is not defined                                      no-undef
  100:61  warning  'Chemistry' is not defined                                      no-undef
  100:88  warning  'canvas' is not defined                                         no-undef
  103:5   warning  'all_labels' is not defined                                     no-undef
  104:21  warning  'Chemistry' is not defined                                      no-undef
  104:54  warning  'Chemistry' is not defined                                      no-undef
  104:82  warning  'canvas' is not defined                                         no-undef
  107:5   warning  'all_labels' is not defined                                     no-undef
  108:21  warning  'Chemistry' is not defined                                      no-undef
  108:70  warning  'Chemistry' is not defined                                      no-undef
  108:97  warning  'canvas' is not defined                                         no-undef
  111:5   warning  'all_labels' is not defined                                     no-undef
  112:21  warning  'Chemistry' is not defined                                      no-undef
  112:60  warning  'Chemistry' is not defined                                      no-undef
  112:88  warning  'canvas' is not defined                                         no-undef
  115:5   warning  'all_labels' is not defined                                     no-undef
  116:22  warning  'Chemistry' is not defined                                      no-undef
  116:62  warning  'Chemistry' is not defined                                      no-undef
  116:90  warning  'canvas' is not defined                                         no-undef
  119:5   warning  'all_labels' is not defined                                     no-undef
  122:10  warning  'display_labels' is defined but never used                      no-unused-vars
  123:25  warning  'all_labels' is not defined                                     no-undef
  124:9   warning  'all_labels' is not defined                                     no-undef
  127:10  warning  'show_right_pannel' is defined but never used                   no-unused-vars
  128:27  warning  'bootstrap' is not defined                                      no-undef

/home/runner/work/exp-plate-heat-exchanger-iitb/exp-plate-heat-exchanger-iitb/experiment/simulation/js/data.js
   2:5   warning  'temp_reading' is assigned a value but never used  no-unused-vars
   3:5   warning  'readings' is assigned a value but never used      no-unused-vars
  33:5   warning  'rho_kg' is assigned a value but never used        no-unused-vars
  34:5   warning  'cp' is assigned a value but never used            no-unused-vars
  36:5   warning  'k' is assigned a value but never used             no-unused-vars
  43:5   warning  'chan_cold' is assigned a value but never used     no-unused-vars
  64:29  warning  'std_deviation' is not defined                     no-undef
  65:30  warning  'std_deviation' is not defined                     no-undef
  66:30  warning  'std_deviation' is not defined                     no-undef

/home/runner/work/exp-plate-heat-exchanger-iitb/exp-plate-heat-exchanger-iitb/experiment/simulation/js/dummy.js
  2:14  warning  'Pannel' is not defined  no-undef

/home/runner/work/exp-plate-heat-exchanger-iitb/exp-plate-heat-exchanger-iitb/experiment/simulation/js/geomerty.js
   33:49   warning  'lscale' is not defined          no-undef
   34:49   warning  'lscale' is not defined          no-undef
   46:23   warning  'pt1' is defined but never used  no-unused-vars
   46:28   warning  'pt2' is defined but never used  no-unused-vars
   46:33   warning  'pt3' is defined but never used  no-unused-vars
   50:24   warning  'geo' is defined but never used  no-unused-vars
   69:44   warning  'lscale' is not defined          no-undef
   69:66   warning  'lscale' is not defined          no-undef
   69:88   warning  'lscale' is not defined          no-undef
   82:48   warning  'lscale' is not defined          no-undef
   83:48   warning  'lscale' is not defined          no-undef
  108:47   warning  'lscale' is not defined          no-undef
  108:69   warning  'lscale' is not defined          no-undef
  109:60   warning  'lscale' is not defined          no-undef
  109:95   warning  'lscale' is not defined          no-undef
  131:39   warning  'lscale' is not defined          no-undef
  131:57   warning  'lscale' is not defined          no-undef
  132:39   warning  'lscale' is not defined          no-undef
  132:57   warning  'lscale' is not defined          no-undef
  181:39   warning  'lscale' is not defined          no-undef
  181:57   warning  'lscale' is not defined          no-undef
  182:39   warning  'lscale' is not defined          no-undef
  182:57   warning  'lscale' is not defined          no-undef
  225:33   warning  'lscale' is not defined          no-undef
  226:33   warning  'lscale' is not defined          no-undef
  274:50   warning  'lscale' is not defined          no-undef
  274:72   warning  'lscale' is not defined          no-undef
  279:61   warning  'lscale' is not defined          no-undef
  279:84   warning  'lscale' is not defined          no-undef
  279:102  warning  'lscale' is not defined          no-undef
  279:120  warning  'lscale' is not defined          no-undef
  293:33   warning  'lscale' is not defined          no-undef
  294:33   warning  'lscale' is not defined          no-undef
  295:41   warning  'lscale' is not defined          no-undef
  295:64   warning  'lscale' is not defined          no-undef
  295:98   warning  'lscale' is not defined          no-undef
  295:121  warning  'lscale' is not defined          no-undef
  296:45   warning  'lscale' is not defined          no-undef
  296:68   warning  'lscale' is not defined          no-undef
  296:102  warning  'lscale' is not defined          no-undef
  296:125  warning  'lscale' is not defined          no-undef
  323:61   warning  'lscale' is not defined          no-undef
  323:90   warning  'lscale' is not defined          no-undef
  324:61   warning  'lscale' is not defined          no-undef
  324:96   warning  'lscale' is not defined          no-undef
  325:66   warning  'lscale' is not defined          no-undef
  325:101  warning  'lscale' is not defined          no-undef
  326:66   warning  'lscale' is not defined          no-undef
  326:100  warning  'lscale' is not defined          no-undef
  327:67   warning  'lscale' is not defined          no-undef
  327:101  warning  'lscale' is not defined          no-undef
  328:67   warning  'lscale' is not defined          no-undef
  328:96   warning  'lscale' is not defined          no-undef
  329:61   warning  'lscale' is not defined          no-undef
  329:90   warning  'lscale' is not defined          no-undef
  346:33   warning  'lscale' is not defined          no-undef
  347:33   warning  'lscale' is not defined          no-undef
  376:46   warning  'lscale' is not defined          no-undef
  382:50   warning  'lscale' is not defined          no-undef
  382:72   warning  'lscale' is not defined          no-undef
  411:52   warning  'lscale' is not defined          no-undef
  411:79   warning  'lscale' is not defined          no-undef
  413:56   warning  'lscale' is not defined          no-undef
  413:83   warning  'lscale' is not defined          no-undef
  450:50   warning  'lscale' is not defined          no-undef
  450:72   warning  'lscale' is not defined          no-undef
  456:61   warning  'lscale' is not defined          no-undef
  456:84   warning  'lscale' is not defined          no-undef
  456:102  warning  'lscale' is not defined          no-undef
  456:120  warning  'lscale' is not defined          no-undef
  470:33   warning  'lscale' is not defined          no-undef
  471:33   warning  'lscale' is not defined          no-undef
  472:41   warning  'lscale' is not defined          no-undef
  472:64   warning  'lscale' is not defined          no-undef
  472:98   warning  'lscale' is not defined          no-undef
  472:121  warning  'lscale' is not defined          no-undef
  473:45   warning  'lscale' is not defined          no-undef
  473:68   warning  'lscale' is not defined          no-undef
  473:102  warning  'lscale' is not defined          no-undef
  473:125  warning  'lscale' is not defined          no-undef
  502:50   warning  'lscale' is not defined          no-undef
  502:72   warning  'lscale' is not defined          no-undef
  507:139  warning  'lscale' is not defined          no-undef
  507:172  warning  'lscale' is not defined          no-undef
  507:205  warning  'lscale' is not defined          no-undef
  507:225  warning  'lscale' is not defined          no-undef
  528:50   warning  'lscale' is not defined          no-undef
  528:72   warning  'lscale' is not defined          no-undef
  533:139  warning  'lscale' is not defined          no-undef
  533:172  warning  'lscale' is not defined          no-undef
  533:205  warning  'lscale' is not defined          no-undef
  533:225  warning  'lscale' is not defined          no-undef
  555:50   warning  'lscale' is not defined          no-undef
  555:72   warning  'lscale' is not defined          no-undef
  560:133  warning  'lscale' is not defined          no-undef
  560:172  warning  'lscale' is not defined          no-undef
  560:205  warning  'lscale' is not defined          no-undef
  560:224  warning  'lscale' is not defined          no-undef
  584:39   warning  'lscale' is not defined          no-undef
  584:53   warning  'lscale' is not defined          no-undef
  585:39   warning  'lscale' is not defined          no-undef
  585:53   warning  'lscale' is not defined          no-undef
  586:39   warning  'lscale' is not defined          no-undef
  586:53   warning  'lscale' is not defined          no-undef
  587:39   warning  'lscale' is not defined          no-undef
  587:53   warning  'lscale' is not defined          no-undef
  594:36   warning  'lscale' is not defined          no-undef
  594:50   warning  'lscale' is not defined          no-undef
  594:63   warning  'lscale' is not defined          no-undef
  605:36   warning  'lscale' is not defined          no-undef
  605:50   warning  'lscale' is not defined          no-undef
  605:63   warning  'lscale' is not defined          no-undef
  632:46   warning  'lscale' is not defined          no-undef
  637:50   warning  'lscale' is not defined          no-undef
  637:72   warning  'lscale' is not defined          no-undef
  659:50   warning  'lscale' is not defined          no-undef
  659:72   warning  'lscale' is not defined          no-undef
  663:46   warning  'lscale' is not defined          no-undef
  664:46   warning  'lscale' is not defined          no-undef
  664:67   warning  'lscale' is not defined          no-undef
  665:49   warning  'lscale' is not defined          no-undef
  702:50   warning  'lscale' is not defined          no-undef
  702:72   warning  'lscale' is not defined          no-undef
  718:38   warning  'lscale' is not defined          no-undef
  718:51   warning  'lscale' is not defined          no-undef
  720:38   warning  'lscale' is not defined          no-undef
  722:38   warning  'lscale' is not defined          no-undef
  722:52   warning  'lscale' is not defined          no-undef

/home/runner/work/exp-plate-heat-exchanger-iitb/exp-plate-heat-exchanger-iitb/experiment/simulation/js/loaded_images.js
  16:5  warning  't_out' is assigned a value but never used  no-unused-vars
  76:5  warning  'blue_valve' is already defined             no-redeclare

/home/runner/work/exp-plate-heat-exchanger-iitb/exp-plate-heat-exchanger-iitb/experiment/simulation/js/pannel.js
    8:7  warning  'Pannel' is defined but never used             no-unused-vars
   99:7  warning  'Double_Table' is defined but never used       no-unused-vars
  171:7  warning  'Observation_Table' is defined but never used  no-unused-vars

/home/runner/work/exp-plate-heat-exchanger-iitb/exp-plate-heat-exchanger-iitb/experiment/simulation/js/scene.js
   1:7    warning  'Scene' is defined but never used         no-unused-vars
  11:9    warning  'context' is not defined                  no-undef
  11:33   warning  'canvas' is not defined                   no-undef
  11:47   warning  'canvas' is not defined                   no-undef
  27:5    warning  'context' is not defined                  no-undef
  28:9    warning  'grd' is assigned a value but never used  no-unused-vars
  28:15   warning  'context' is not defined                  no-undef
  28:44   warning  'canvas' is not defined                   no-undef
  28:62   warning  'canvas' is not defined                   no-undef
  28:84   warning  'canvas' is not defined                   no-undef
  28:102  warning  'canvas' is not defined                   no-undef
  28:121  warning  'canvas' is not defined                   no-undef
  36:5    warning  'context' is not defined                  no-undef
  37:5    warning  'context' is not defined                  no-undef
  37:28   warning  'canvas' is not defined                   no-undef
  37:42   warning  'canvas' is not defined                   no-undef
  38:5    warning  'context' is not defined                  no-undef
  39:5    warning  'context' is not defined                  no-undef

/home/runner/work/exp-plate-heat-exchanger-iitb/exp-plate-heat-exchanger-iitb/experiment/simulation/js/test.js
  2:14  warning  'Pannel' is not defined                     no-undef
  4:5   warning  'table' is assigned a value but never used  no-unused-vars

✖ 966 problems (0 errors, 966 warnings)

